Diagnose log at 2023-05-29T10:59:13Z

AppPath: C:\Program Files\Git\mingw64\bin\git-credential-manager
InstallDir: C:\Program Files\Git\mingw64\bin\
Version: 2.0.935+8b4735fc7b

------------
Diagnostic: Environment
Skipped: False
Success: True
Exception: None
Log:
OSType: Windows
OSVersion: 10.0 (build 22621)
Reading environment variables... OK
 Variables:
Path=C:\Program Files\WindowsApps\MicrosoftCorporationII.WindowsSubsystemForLinux_1.2.5.0_x64__8wekyb3d8bbwe;C:\Program Files (x86)\VMware\VMware Player\bin\;C:\Windows\system32;C:\Windows;C:\Windows\System32\Wbem;C:\Windows\System32\WindowsPowerShell\v1.0\;C:\Windows\System32\OpenSSH\;C:\Program Files (x86)\NVIDIA Corporation\PhysX\Common;C:\Program Files\NVIDIA Corporation\NVIDIA NvDLISR;C:\WINDOWS\system32;C:\WINDOWS;C:\WINDOWS\System32\Wbem;C:\WINDOWS\System32\WindowsPowerShell\v1.0\;C:\WINDOWS\System32\OpenSSH\;C:\Program Files\Git\cmd;C:\Users\stefa\AppData\Local\Microsoft\WindowsApps;;C:\Users\stefa\AppData\Local\Programs\Microsoft VS Code\bin
SESSIONNAME=Console
PATHEXT=.COM;.EXE;.BAT;.CMD;.VBS;.VBE;.JS;.JSE;.WSF;.WSH;.MSC
USERDOMAIN=DESKTOP-VC215DQ
PROCESSOR_ARCHITECTURE=x86
ProgramW6432=C:\Program Files
DriverData=C:\Windows\System32\Drivers\DriverData
GIT_TRACE2_PARENT_SID=c20beab3-21b8-4130-b04a-e154aad61a2f
APPDATA=C:\Users\stefa\AppData\Roaming
windir=C:\WINDOWS
LOCALAPPDATA=C:\Users\stefa\AppData\Local
CommonProgramW6432=C:\Program Files\Common Files
USERNAME=stefa
OneDrive=C:\Users\stefa\OneDrive
USERDOMAIN_ROAMINGPROFILE=DESKTOP-VC215DQ
USERPROFILE=C:\Users\stefa
ProgramFiles=C:\Program Files (x86)
PROCESSOR_LEVEL=6
CommonProgramFiles(x86)=C:\Program Files (x86)\Common Files
HOMEPATH=\Users\stefa
COMPUTERNAME=DESKTOP-VC215DQ
PROCESSOR_ARCHITEW6432=AMD64
EFC_5856=1
NUMBER_OF_PROCESSORS=12
PROCESSOR_IDENTIFIER=Intel64 Family 6 Model 151 Stepping 2, GenuineIntel
OneDriveConsumer=C:\Users\stefa\OneDrive
ComSpec=C:\WINDOWS\system32\cmd.exe
LOGONSERVER=\\DESKTOP-VC215DQ
TEMP=C:\Users\stefa\AppData\Local\Temp
ProgramFiles(x86)=C:\Program Files (x86)
CommonProgramFiles=C:\Program Files (x86)\Common Files
TMP=C:\Users\stefa\AppData\Local\Temp
PUBLIC=C:\Users\Public
PROCESSOR_REVISION=9702
SystemRoot=C:\WINDOWS
PSModulePath=C:\Program Files\WindowsPowerShell\Modules;C:\WINDOWS\system32\WindowsPowerShell\v1.0\Modules
ALLUSERSPROFILE=C:\ProgramData
SystemDrive=C:
OS=Windows_NT
ProgramData=C:\ProgramData
HOMEDRIVE=C:


------------
Diagnostic: File system
Skipped: False
Success: True
Exception: None
Log:
Temporary directory is 'C:\Users\stefa\AppData\Local\Temp\'...
Checking basic file I/O...
Writing to temporary file 'C:\Users\stefa\AppData\Local\Temp\55234faeacb2d3a71b8e577b'... OK
Reading from temporary file 'C:\Users\stefa\AppData\Local\Temp\55234faeacb2d3a71b8e577b'... OK
Deleting temporary file 'C:\Users\stefa\AppData\Local\Temp\55234faeacb2d3a71b8e577b'... OK
Testing IFileSystem instance...
UserHomePath: C:\Users\stefa
UserDataDirectoryPath: C:\Users\stefa\.gcm
GetCurrentDirectory(): C:\Users\stefa\OneDrive\IT\Udemy\JavaScript_Course_From_Zero_To_Expert\complete-javascript-course

------------
Diagnostic: Networking
Skipped: False
Success: True
Exception: None
Log:
Checking networking and HTTP stack...
Creating HTTP client... OK
IsNetworkAvailable: True
Sending HEAD request to http://example.com... OK
Sending HEAD request to https://example.com... OK
Acquiring free TCP port... OK
Testing local HTTP loopback connections...
Creating new HTTP listener for http://localhost:56116/... OK
Waiting for loopback connection... OK
Writing response... OK
Waiting for response data... OK
Loopback connection data OK

------------
Diagnostic: Git
Skipped: False
Success: True
Exception: None
Log:
Getting Git version... OK
Git version is '2.40.1.windows.1'
Locating current repository... OK
Git repository at 'C:/Users/stefa/OneDrive/IT/Udemy/JavaScript_Course_From_Zero_To_Expert/complete-javascript-course/.git'
Listing all Git configuration... OK
Git configuration:
file:C:/Program Files/Git/etc/gitconfig	diff.astextplain.textconv=astextplain
file:C:/Program Files/Git/etc/gitconfig	filter.lfs.clean=git-lfs clean -- %f
file:C:/Program Files/Git/etc/gitconfig	filter.lfs.smudge=git-lfs smudge -- %f
file:C:/Program Files/Git/etc/gitconfig	filter.lfs.process=git-lfs filter-process
file:C:/Program Files/Git/etc/gitconfig	filter.lfs.required=true
file:C:/Program Files/Git/etc/gitconfig	http.sslbackend=openssl
file:C:/Program Files/Git/etc/gitconfig	http.sslcainfo=C:/Program Files/Git/mingw64/etc/ssl/certs/ca-bundle.crt
file:C:/Program Files/Git/etc/gitconfig	core.autocrlf=true
file:C:/Program Files/Git/etc/gitconfig	core.fscache=true
file:C:/Program Files/Git/etc/gitconfig	core.symlinks=false
file:C:/Program Files/Git/etc/gitconfig	pull.rebase=false
file:C:/Program Files/Git/etc/gitconfig	credential.helper=manager
file:C:/Program Files/Git/etc/gitconfig	credential.https://dev.azure.com.usehttppath=true
file:C:/Program Files/Git/etc/gitconfig	init.defaultbranch=master
file:C:/Users/stefa/.gitconfig	core.editor="C:\Users\stefa\AppData\Local\Programs\Microsoft VS Code\bin\code" --wait
file:C:/Users/stefa/.gitconfig	user.name=FuCanCode
file:C:/Users/stefa/.gitconfig	user.name=FuCanCode
file:C:/Users/stefa/.gitconfig	user.email=fustef@outlook.de
file:.git/config	core.repositoryformatversion=0
file:.git/config	core.filemode=false
file:.git/config	core.bare=false
file:.git/config	core.logallrefupdates=true
file:.git/config	core.symlinks=false
file:.git/config	core.ignorecase=true
file:.git/config	remote.origin.url=https://github.com/FuCanCode/from-zero-to-hero.git
file:.git/config	remote.origin.fetch=+refs/heads/*:refs/remotes/origin/*
file:.git/config	branch.main.remote=origin
file:.git/config	branch.main.merge=refs/heads/main


------------
Diagnostic: Credential storage
Skipped: False
Success: True
Exception: None
Log:
ICredentialStore instance is of type: CredentialStore
Writing test credential... OK
Reading test credential... OK
Deleting test credential... OK

------------
Diagnostic: Microsoft authentication (AAD/MSA)
Skipped: False
Success: True
Exception: None
Log:
Broker not supported.
Flow type is: Auto
Gathering MSAL token cache data... OK
CacheDirectory: C:\Users\stefa\AppData\Local\.IdentityService
CacheFileName: msal.cache
CacheFilePath: C:\Users\stefa\AppData\Local\.IdentityService\msal.cache
Creating cache helper... OK
Verifying MSAL token cache persistence... OK

------------
Diagnostic: GitHub API
Skipped: False
Success: True
Exception: None
Log:
Using 'https://github.com/' as API target.
Querying '/meta' endpoint... OK

